viewer element mounted: true
viewer GLB load result: model-set
AR button aria-label: View this model in augmented reality
canvas a11y: {"tabIndex":0,"role":"img","ariaLabel":"Test avatar"}
camera before ArrowLeft: [-0.00003390548387605108,0.9652640684117767,4.564697068241702]
camera after ArrowLeft: [-0.22560134126110018,0.9652640684117767,4.559056707223096]
keyboard orbit moved camera: true
AR popup URL: https://three.ws/api/ar?src=http%3A%2F%2Flocalhost%3A3000%2Favatars%2Fdefault.glb&title=Test+avatar
AR popup status ok: true
[three-ws-viewer harness] console errors: 3
  - WebSocket connection to 'wss://super-duper-space-bassoon-pjxpp497j9xrf6wxq-3000.app.github.dev/?token=l7SDob1b8CCD' failed: Error during WebSocket handshake: Unexpected response code: 302
  - [vite] failed to connect to websocket (Error: WebSocket closed without opened.). 
  - pageerror: WebSocket closed without opened.
scene studio action bar present @320: true
[/scene @ 320px] console errors: 3
  - WebSocket connection to 'wss://super-duper-space-bassoon-pjxpp497j9xrf6wxq-3000.app.github.dev/?token=l7SDob1b8CCD' failed: Error during WebSocket handshake: Unexpected response code: 302
  - [vite] failed to connect to websocket (Error: WebSocket closed without opened.). 
  - pageerror: WebSocket closed without opened.
scene studio action bar present @768: true
[/scene @ 768px] console errors: 3
  - WebSocket connection to 'wss://super-duper-space-bassoon-pjxpp497j9xrf6wxq-3000.app.github.dev/?token=l7SDob1b8CCD' failed: Error during WebSocket handshake: Unexpected response code: 302
  - [vite] failed to connect to websocket (Error: WebSocket closed without opened.). 
  - pageerror: WebSocket closed without opened.
scene studio action bar present @1440: true
[/scene @ 1440px] console errors: 3
  - WebSocket connection to 'wss://super-duper-space-bassoon-pjxpp497j9xrf6wxq-3000.app.github.dev/?token=l7SDob1b8CCD' failed: Error during WebSocket handshake: Unexpected response code: 302
  - [vite] failed to connect to websocket (Error: WebSocket closed without opened.). 
  - pageerror: WebSocket closed without opened.
